<?xml version="1.0" encoding="UTF-8" ?>
<testsuite tests="10" failures="0" name="codingcompetition2019.CodingCompCSVUtilTest" time="0.276" errors="0" skipped="0">
  <properties>
    <property name="java.runtime.name" value="OpenJDK Runtime Environment"/>
    <property name="java.vm.version" value="11.0.4+11"/>
    <property name="sun.boot.library.path" value="/usr/lib/jvm/java-11-openjdk/lib"/>
    <property name="maven.multiModuleProjectDirectory" value="/home/sid/Programming/Java/2019-StateFarm-CodingCompetitionProblem"/>
    <property name="java.vm.vendor" value="Oracle Corporation"/>
    <property name="java.vendor.url" value="http://java.oracle.com/"/>
    <property name="guice.disable.misplaced.annotation.check" value="true"/>
    <property name="path.separator" value=":"/>
    <property name="java.vm.name" value="OpenJDK 64-Bit Server VM"/>
    <property name="sun.os.patch.level" value="unknown"/>
    <property name="user.country" value="US"/>
    <property name="sun.java.launcher" value="SUN_STANDARD"/>
    <property name="java.vm.specification.name" value="Java Virtual Machine Specification"/>
    <property name="user.dir" value="/home/sid/Programming/Java/2019-StateFarm-CodingCompetitionProblem"/>
    <property name="java.vm.compressedOopsMode" value="Zero based"/>
    <property name="java.runtime.version" value="11.0.4+11"/>
    <property name="java.awt.graphicsenv" value="sun.awt.X11GraphicsEnvironment"/>
    <property name="os.arch" value="amd64"/>
    <property name="java.io.tmpdir" value="/tmp"/>
    <property name="line.separator" value="
"/>
    <property name="java.vm.specification.vendor" value="Oracle Corporation"/>
    <property name="os.name" value="Linux"/>
    <property name="classworlds.conf" value="/opt/apache-maven-3.6.2/bin/m2.conf"/>
    <property name="sun.jnu.encoding" value="UTF-8"/>
    <property name="java.library.path" value="/usr/java/packages/lib:/usr/lib64:/lib64:/lib:/usr/lib"/>
    <property name="maven.conf" value="/opt/apache-maven-3.6.2/conf"/>
    <property name="jdk.debug" value="release"/>
    <property name="java.class.version" value="55.0"/>
    <property name="java.specification.name" value="Java Platform API Specification"/>
    <property name="sun.management.compiler" value="HotSpot 64-Bit Tiered Compilers"/>
    <property name="os.version" value="4.19.45-1-MANJARO"/>
    <property name="library.jansi.path" value="/opt/apache-maven-3.6.2/lib/jansi-native"/>
    <property name="user.home" value="/home/sid"/>
    <property name="user.timezone" value="America/New_York"/>
    <property name="java.awt.printerjob" value="sun.print.PSPrinterJob"/>
    <property name="file.encoding" value="UTF-8"/>
    <property name="java.specification.version" value="11"/>
    <property name="user.name" value="sid"/>
    <property name="java.class.path" value="/opt/apache-maven-3.6.2/boot/plexus-classworlds-2.6.0.jar"/>
    <property name="java.vm.specification.version" value="11"/>
    <property name="sun.arch.data.model" value="64"/>
    <property name="sun.java.command" value="org.codehaus.plexus.classworlds.launcher.Launcher test"/>
    <property name="java.home" value="/usr/lib/jvm/java-11-openjdk"/>
    <property name="user.language" value="en"/>
    <property name="java.specification.vendor" value="Oracle Corporation"/>
    <property name="awt.toolkit" value="sun.awt.X11.XToolkit"/>
    <property name="java.vm.info" value="mixed mode"/>
    <property name="java.version" value="11.0.4"/>
    <property name="securerandom.source" value="file:/dev/./urandom"/>
    <property name="java.vendor" value="Oracle Corporation"/>
    <property name="maven.home" value="/opt/apache-maven-3.6.2"/>
    <property name="file.separator" value="/"/>
    <property name="java.version.date" value="2019-07-16"/>
    <property name="java.vendor.url.bug" value="http://bugreport.java.com/bugreport/"/>
    <property name="sun.io.unicode.encoding" value="UnicodeLittle"/>
    <property name="sun.cpu.endian" value="little"/>
    <property name="sun.cpu.isalist" value=""/>
  </properties>
  <testcase classname="codingcompetition2019.CodingCompCSVUtilTest" name="testReadCSVFileWithoutHeaders" time="0.012"/>
  <testcase classname="codingcompetition2019.CodingCompCSVUtilTest" name="testGetMostImpactfulYearByCategory" time="0.002"/>
  <testcase classname="codingcompetition2019.CodingCompCSVUtilTest" name="testFirstRecordsHaveMoreReportedIndicents" time="0.145"/>
  <testcase classname="codingcompetition2019.CodingCompCSVUtilTest" name="testGetTheMostImpactfulYearInUSAByEarthquake" time="0.06"/>
  <testcase classname="codingcompetition2019.CodingCompCSVUtilTest" name="testReadCSVFileWithHeaders" time="0.002"/>
  <testcase classname="codingcompetition2019.CodingCompCSVUtilTest" name="testCountImpactfulYearsWithReportedIncidentsWithinRange" time="0.009"/>
  <testcase classname="codingcompetition2019.CodingCompCSVUtilTest" name="testGetMostImpactfulYear" time="0.001"/>
  <testcase classname="codingcompetition2019.CodingCompCSVUtilTest" name="testReadCSVFileWithHeadersByCountry" time="0.043"/>
  <testcase classname="codingcompetition2019.CodingCompCSVUtilTest" name="testGetMostImpactfulDisasterByYear" time="0.001"/>
  <testcase classname="codingcompetition2019.CodingCompCSVUtilTest" name="testGetTotalReportedIncidentsByCategoryy" time="0.001"/>
</testsuite>